#! /usr/local/bin/vvp
:ivl_version "11.0 (devel)" "(s20150603-479-ga1a7f5d)";
:ivl_delay_selection "TYPICAL";
:vpi_time_precision + 0;
:vpi_module "system";
:vpi_module "vhdl_sys";
:vpi_module "vhdl_textio";
:vpi_module "v2005_math";
:vpi_module "va_math";
S_0xbd08a0 .scope module, "nonblocking" "nonblocking" 2 3;
 .timescale 0 0;
    .port_info 0 /INPUT 1 "in"
    .port_info 1 /INPUT 1 "clk"
    .port_info 2 /OUTPUT 1 "out"
o0x7f5a4bc75018 .functor BUFZ 1, C4<z>; HiZ drive
v0xbad750_0 .net "A_in", 0 0, o0x7f5a4bc75018;  0 drivers
v0xbe1190_0 .var "A_out", 0 0;
v0xbe1250_0 .var "B_out", 0 0;
v0xbe1320_0 .var "C_out", 0 0;
o0x7f5a4bc750d8 .functor BUFZ 1, C4<z>; HiZ drive
v0xbe13e0_0 .net "clk", 0 0, o0x7f5a4bc750d8;  0 drivers
o0x7f5a4bc75108 .functor BUFZ 1, C4<z>; HiZ drive
v0xbe14f0_0 .net "in", 0 0, o0x7f5a4bc75108;  0 drivers
o0x7f5a4bc75138 .functor BUFZ 1, C4<z>; HiZ drive
v0xbe15b0_0 .net "out", 0 0, o0x7f5a4bc75138;  0 drivers
E_0xbd2990 .event posedge, v0xbe13e0_0;
S_0xbd0a80 .scope module, "test" "test" 3 4;
 .timescale 0 0;
v0xbe16f0_0 .var "clock", 0 0;
    .scope S_0xbd08a0;
T_0 ;
    %wait E_0xbd2990;
    %load/vec4 v0xbad750_0;
    %assign/vec4 v0xbe1190_0, 0;
    %load/vec4 v0xbe1190_0;
    %pad/u 2;
    %addi 1, 0, 2;
    %pad/u 1;
    %assign/vec4 v0xbe1250_0, 0;
    %load/vec4 v0xbe1250_0;
    %pad/u 2;
    %addi 1, 0, 2;
    %pad/u 1;
    %assign/vec4 v0xbe1320_0, 0;
    %jmp T_0;
    .thread T_0;
    .scope S_0xbd0a80;
T_1 ;
    %pushi/vec4 0, 0, 1;
    %store/vec4 v0xbe16f0_0, 0, 1;
    %end;
    .thread T_1;
    .scope S_0xbd0a80;
T_2 ;
    %delay 10, 0;
    %load/vec4 v0xbe16f0_0;
    %inv;
    %store/vec4 v0xbe16f0_0, 0, 1;
    %jmp T_2;
    .thread T_2;
# The file index is used to find the file name in the following table.
:file_names 4;
    "N/A";
    "<interactive>";
    "./non-blocking.v";
    "test.v";
