#! /usr/local/bin/vvp
:ivl_version "11.0 (devel)" "(s20150603-479-ga1a7f5d)";
:ivl_delay_selection "TYPICAL";
:vpi_time_precision + 0;
:vpi_module "system";
:vpi_module "vhdl_sys";
:vpi_module "vhdl_textio";
:vpi_module "v2005_math";
:vpi_module "va_math";
S_0x24858d0 .scope module, "forever_example" "forever_example" 2 8;
 .timescale 0 0;
v0x2485a60_0 .var "clk", 0 0;
    .scope S_0x24858d0;
T_0 ;
    %delay 1, 0;
    %pushi/vec4 0, 0, 1;
    %store/vec4 v0x2485a60_0, 0, 1;
T_0.0 ;
    %delay 5, 0;
    %load/vec4 v0x2485a60_0;
    %nor/r;
    %store/vec4 v0x2485a60_0, 0, 1;
    %jmp T_0.0;
    %end;
    .thread T_0;
    .scope S_0x24858d0;
T_1 ;
    %vpi_call 2 20 "$dumpfile", "dump.vcd" {0 0 0};
    %vpi_call 2 21 "$dumpvars" {0 0 0};
    %delay 100, 0;
    %vpi_call 2 23 "$finish" {0 0 0};
    %end;
    .thread T_1;
# The file index is used to find the file name in the following table.
:file_names 3;
    "N/A";
    "<interactive>";
    "forever_clock_vcd.v";
